<?xml version="1.0" encoding="UTF-8" ?>
<testsuite tests="2" failures="1" name="com.crm.qa.testcases.LoginPageTest" time="20.435" errors="0" skipped="0">
  <properties>
[...]
</properties>
  <testcase classname="com.crm.qa.testcases.LoginPageTest" name="loginPageTitleTest" time="0.01"/>
  <testcase classname="com.crm.qa.testcases.LoginPageTest" name="loginTest" time="20.425">
    <failure message="timeout: Timed out receiving message from renderer: 20.000
  (Session info: chrome=81.0.4044.113)
Build info: version: &apos;3.141.59&apos;, revision: &apos;e82be7d358&apos;, time: &apos;2018-11-14T08:17:03&apos;
System info: host: &apos;W70388&apos;, ip: &apos;192.168.1.2&apos;, os.name: &apos;Windows 10&apos;, os.arch: &apos;amd64&apos;, os.version: &apos;10.0&apos;, java.version: &apos;1.8.0_241&apos;
Driver info: org.openqa.selenium.chrome.ChromeDriver
Capabilities {acceptInsecureCerts: false, browserName: chrome, browserVersion: 81.0.4044.113, chrome: {chromedriverVersion: 81.0.4044.69 (6813546031a4b..., userDataDir: C:\Users\a103524\AppData\Lo...}, goog:chromeOptions: {debuggerAddress: localhost:50533}, javascriptEnabled: true, networkConnectionEnabled: false, pageLoadStrategy: normal, platform: WINDOWS, platformName: WINDOWS, proxy: Proxy(), setWindowRect: true, strictFileInteractability: false, timeouts: {implicit: 0, pageLoad: 300000, script: 30000}, unhandledPromptBehavior: dismiss and notify, webauthn:virtualAuthenticators: true}
Session ID: 8e7b108e232c9461d7076b9bfbaf74c6" type="org.openqa.selenium.TimeoutException">org.openqa.selenium.TimeoutException: timeout: Timed out receiving message from renderer: 20.000
  (Session info: chrome=81.0.4044.113)
Build info: version: &apos;3.141.59&apos;, revision: &apos;e82be7d358&apos;, time: &apos;2018-11-14T08:17:03&apos;
System info: host: &apos;W70388&apos;, ip: &apos;192.168.1.2&apos;, os.name: &apos;Windows 10&apos;, os.arch: &apos;amd64&apos;, os.version: &apos;10.0&apos;, java.version: &apos;1.8.0_241&apos;
Driver info: org.openqa.selenium.chrome.ChromeDriver
Capabilities {acceptInsecureCerts: false, browserName: chrome, browserVersion: 81.0.4044.113, chrome: {chromedriverVersion: 81.0.4044.69 (6813546031a4b..., userDataDir: C:\Users\a103524\AppData\Lo...}, goog:chromeOptions: {debuggerAddress: localhost:50533}, javascriptEnabled: true, networkConnectionEnabled: false, pageLoadStrategy: normal, platform: WINDOWS, platformName: WINDOWS, proxy: Proxy(), setWindowRect: true, strictFileInteractability: false, timeouts: {implicit: 0, pageLoad: 300000, script: 30000}, unhandledPromptBehavior: dismiss and notify, webauthn:virtualAuthenticators: true}
Session ID: 8e7b108e232c9461d7076b9bfbaf74c6
	at sun.reflect.NativeConstructorAccessorImpl.newInstance0(Native Method)
	at sun.reflect.NativeConstructorAccessorImpl.newInstance(NativeConstructorAccessorImpl.java:62)
	at sun.reflect.DelegatingConstructorAccessorImpl.newInstance(DelegatingConstructorAccessorImpl.java:45)
	at java.lang.reflect.Constructor.newInstance(Constructor.java:423)
	at org.openqa.selenium.remote.http.W3CHttpResponseCodec.createException(W3CHttpResponseCodec.java:187)
	at org.openqa.selenium.remote.http.W3CHttpResponseCodec.decode(W3CHttpResponseCodec.java:122)
	at org.openqa.selenium.remote.http.W3CHttpResponseCodec.decode(W3CHttpResponseCodec.java:49)
	at org.openqa.selenium.remote.HttpCommandExecutor.execute(HttpCommandExecutor.java:158)
	at org.openqa.selenium.remote.service.DriverCommandExecutor.execute(DriverCommandExecutor.java:83)
	at org.openqa.selenium.remote.RemoteWebDriver.execute(RemoteWebDriver.java:552)
	at org.openqa.selenium.remote.RemoteWebElement.execute(RemoteWebElement.java:285)
	at org.openqa.selenium.remote.RemoteWebElement.click(RemoteWebElement.java:84)
	at sun.reflect.NativeMethodAccessorImpl.invoke0(Native Method)
	at sun.reflect.NativeMethodAccessorImpl.invoke(NativeMethodAccessorImpl.java:62)
	at sun.reflect.DelegatingMethodAccessorImpl.invoke(DelegatingMethodAccessorImpl.java:43)
	at java.lang.reflect.Method.invoke(Method.java:498)
	at org.openqa.selenium.support.pagefactory.internal.LocatingElementHandler.invoke(LocatingElementHandler.java:51)
	at com.sun.proxy.$Proxy7.click(Unknown Source)
	at com.crm.qa.pages.LoginPage.login(LoginPage.java:43)
	at com.crm.qa.testcases.LoginPageTest.loginTest(LoginPageTest.java:42)
</failure>
    <system-err>Starting ChromeDriver 81.0.4044.69 (6813546031a4bc83f717a2ef7cd4ac6ec1199132-refs/branch-heads/4044@{#776}) on port 16863
Only local connections are allowed.
Please protect ports used by ChromeDriver and related test frameworks to prevent access by malicious code.
Apr 20, 2020 8:15:50 PM org.openqa.selenium.remote.ProtocolHandshake createSession
INFO: Detected dialect: W3C
[1587393953.082][SEVERE]: Timed out receiving message from renderer: 0.100
[1587393953.255][SEVERE]: Timed out receiving message from renderer: 0.100
[1587393953.383][SEVERE]: Timed out receiving message from renderer: 0.100
[1587393954.636][SEVERE]: Timed out receiving message from renderer: 0.100
[1587393954.835][SEVERE]: Timed out receiving message from renderer: 0.100
[1587393954.938][SEVERE]: Timed out receiving message from renderer: 0.100
[1587393955.039][SEVERE]: Timed out receiving message from renderer: 0.100
[1587393955.143][SEVERE]: Timed out receiving message from renderer: 0.100
[1587393955.245][SEVERE]: Timed out receiving message from renderer: 0.100
[1587393955.346][SEVERE]: Timed out receiving message from renderer: 0.100
[1587393955.447][SEVERE]: Timed out receiving message from renderer: 0.100
[1587393955.549][SEVERE]: Timed out receiving message from renderer: 0.100
[1587393955.651][SEVERE]: Timed out receiving message from renderer: 0.100
[1587393955.752][SEVERE]: Timed out receiving message from renderer: 0.100
[1587393955.854][SEVERE]: Timed out receiving message from renderer: 0.100
[1587393955.956][SEVERE]: Timed out receiving message from renderer: 0.100
[1587393956.059][SEVERE]: Timed out receiving message from renderer: 0.100
[1587393956.161][SEVERE]: Timed out receiving message from renderer: 0.100
[1587393956.263][SEVERE]: Timed out receiving message from renderer: 0.100
[1587393956.364][SEVERE]: Timed out receiving message from renderer: 0.100
[1587393956.467][SEVERE]: Timed out receiving message from renderer: 0.100
[1587393956.570][SEVERE]: Timed out receiving message from renderer: 0.100
[1587393956.672][SEVERE]: Timed out receiving message from renderer: 0.100
[1587393956.774][SEVERE]: Timed out receiving message from renderer: 0.100
[1587393956.876][SEVERE]: Timed out receiving message from renderer: 0.100
[1587393956.979][SEVERE]: Timed out receiving message from renderer: 0.100
[1587393957.081][SEVERE]: Timed out receiving message from renderer: 0.100
[1587393957.183][SEVERE]: Timed out receiving message from renderer: 0.100
[1587393957.286][SEVERE]: Timed out receiving message from renderer: 0.100
[1587393957.387][SEVERE]: Timed out receiving message from renderer: 0.100
[1587393957.488][SEVERE]: Timed out receiving message from renderer: 0.100
[1587393957.590][SEVERE]: Timed out receiving message from renderer: 0.100
[1587393957.692][SEVERE]: Timed out receiving message from renderer: 0.100
[1587393957.794][SEVERE]: Timed out receiving message from renderer: 0.100
[1587393957.897][SEVERE]: Timed out receiving message from renderer: 0.100
[1587393957.998][SEVERE]: Timed out receiving message from renderer: 0.100
[1587393958.099][SEVERE]: Timed out receiving message from renderer: 0.100
[1587393958.201][SEVERE]: Timed out receiving message from renderer: 0.100
[1587393958.302][SEVERE]: Timed out receiving message from renderer: 0.100
[1587393958.403][SEVERE]: Timed out receiving message from renderer: 0.100
[1587393958.504][SEVERE]: Timed out receiving message from renderer: 0.100
[1587393958.606][SEVERE]: Timed out receiving message from renderer: 0.100
[1587393958.707][SEVERE]: Timed out receiving message from renderer: 0.100
[1587393958.808][SEVERE]: Timed out receiving message from renderer: 0.100
[1587393958.910][SEVERE]: Timed out receiving message from renderer: 0.100
[1587393959.012][SEVERE]: Timed out receiving message from renderer: 0.100
[1587393959.113][SEVERE]: Timed out receiving message from renderer: 0.100
[1587393959.214][SEVERE]: Timed out receiving message from renderer: 0.100
[1587393959.315][SEVERE]: Timed out receiving message from renderer: 0.100
[1587393959.416][SEVERE]: Timed out receiving message from renderer: 0.100
[1587393959.518][SEVERE]: Timed out receiving message from renderer: 0.100
[1587393959.619][SEVERE]: Timed out receiving message from renderer: 0.100
[1587393959.721][SEVERE]: Timed out receiving message from renderer: 0.100
[1587393959.822][SEVERE]: Timed out receiving message from renderer: 0.100
[1587393959.923][SEVERE]: Timed out receiving message from renderer: 0.100
[1587393960.025][SEVERE]: Timed out receiving message from renderer: 0.100
[1587393960.127][SEVERE]: Timed out receiving message from renderer: 0.100
[1587393960.228][SEVERE]: Timed out receiving message from renderer: 0.100
[1587393960.330][SEVERE]: Timed out receiving message from renderer: 0.100
[1587393960.431][SEVERE]: Timed out receiving message from renderer: 0.100
[1587393960.532][SEVERE]: Timed out receiving message from renderer: 0.100
[1587393960.633][SEVERE]: Timed out receiving message from renderer: 0.100
[1587393960.734][SEVERE]: Timed out receiving message from renderer: 0.100
[1587393960.836][SEVERE]: Timed out receiving message from renderer: 0.100
[1587393960.937][SEVERE]: Timed out receiving message from renderer: 0.100
[1587393961.039][SEVERE]: Timed out receiving message from renderer: 0.100
[1587393961.140][SEVERE]: Timed out receiving message from renderer: 0.100
[1587393961.242][SEVERE]: Timed out receiving message from renderer: 0.100
[1587393961.343][SEVERE]: Timed out receiving message from renderer: 0.100
[1587393961.446][SEVERE]: Timed out receiving message from renderer: 0.100
[1587393961.548][SEVERE]: Timed out receiving message from renderer: 0.100
[1587393961.650][SEVERE]: Timed out receiving message from renderer: 0.100
[1587393961.752][SEVERE]: Timed out receiving message from renderer: 0.100
[1587393961.853][SEVERE]: Timed out receiving message from renderer: 0.100
[1587393961.954][SEVERE]: Timed out receiving message from renderer: 0.100
[1587393962.056][SEVERE]: Timed out receiving message from renderer: 0.100
[1587393962.159][SEVERE]: Timed out receiving message from renderer: 0.100
[1587393962.260][SEVERE]: Timed out receiving message from renderer: 0.100
[1587393962.363][SEVERE]: Timed out receiving message from renderer: 0.100
[1587393962.465][SEVERE]: Timed out receiving message from renderer: 0.100
[1587393962.568][SEVERE]: Timed out receiving message from renderer: 0.100
[1587393962.671][SEVERE]: Timed out receiving message from renderer: 0.100
[1587393962.774][SEVERE]: Timed out receiving message from renderer: 0.100
[1587393962.876][SEVERE]: Timed out receiving message from renderer: 0.100
[1587393962.978][SEVERE]: Timed out receiving message from renderer: 0.100
[1587393963.080][SEVERE]: Timed out receiving message from renderer: 0.100
[1587393963.183][SEVERE]: Timed out receiving message from renderer: 0.100
[1587393963.285][SEVERE]: Timed out receiving message from renderer: 0.100
[1587393963.387][SEVERE]: Timed out receiving message from renderer: 0.100
[1587393963.488][SEVERE]: Timed out receiving message from renderer: 0.100
[1587393963.590][SEVERE]: Timed out receiving message from renderer: 0.100
[1587393963.693][SEVERE]: Timed out receiving message from renderer: 0.100
[1587393963.795][SEVERE]: Timed out receiving message from renderer: 0.100
[1587393963.898][SEVERE]: Timed out receiving message from renderer: 0.100
[1587393963.999][SEVERE]: Timed out receiving message from renderer: 0.100
[1587393964.101][SEVERE]: Timed out receiving message from renderer: 0.100
[1587393964.204][SEVERE]: Timed out receiving message from renderer: 0.100
[1587393964.306][SEVERE]: Timed out receiving message from renderer: 0.100
[1587393964.408][SEVERE]: Timed out receiving message from renderer: 0.100
[1587393964.510][SEVERE]: Timed out receiving message from renderer: 0.100
[1587393964.612][SEVERE]: Timed out receiving message from renderer: 0.100
[1587393964.714][SEVERE]: Timed out receiving message from renderer: 0.100
[1587393964.816][SEVERE]: Timed out receiving message from renderer: 0.100
[1587393964.918][SEVERE]: Timed out receiving message from renderer: 0.100
[1587393965.020][SEVERE]: Timed out receiving message from renderer: 0.100
[1587393965.121][SEVERE]: Timed out receiving message from renderer: 0.100
[1587393965.223][SEVERE]: Timed out receiving message from renderer: 0.100
[1587393965.325][SEVERE]: Timed out receiving message from renderer: 0.100
[1587393965.427][SEVERE]: Timed out receiving message from renderer: 0.100
[1587393965.530][SEVERE]: Timed out receiving message from renderer: 0.100
[1587393965.631][SEVERE]: Timed out receiving message from renderer: 0.100
[1587393965.733][SEVERE]: Timed out receiving message from renderer: 0.100
[1587393965.835][SEVERE]: Timed out receiving message from renderer: 0.100
[1587393965.936][SEVERE]: Timed out receiving message from renderer: 0.100
[1587393966.037][SEVERE]: Timed out receiving message from renderer: 0.100
[1587393966.139][SEVERE]: Timed out receiving message from renderer: 0.100
[1587393966.240][SEVERE]: Timed out receiving message from renderer: 0.100
[1587393966.343][SEVERE]: Timed out receiving message from renderer: 0.100
[1587393966.445][SEVERE]: Timed out receiving message from renderer: 0.100
[1587393966.548][SEVERE]: Timed out receiving message from renderer: 0.100
[1587393966.650][SEVERE]: Timed out receiving message from renderer: 0.100
[1587393966.753][SEVERE]: Timed out receiving message from renderer: 0.100
[1587393966.855][SEVERE]: Timed out receiving message from renderer: 0.100
[1587393966.957][SEVERE]: Timed out receiving message from renderer: 0.100
[1587393967.059][SEVERE]: Timed out receiving message from renderer: 0.100
[1587393967.161][SEVERE]: Timed out receiving message from renderer: 0.100
[1587393967.263][SEVERE]: Timed out receiving message from renderer: 0.100
[1587393967.365][SEVERE]: Timed out receiving message from renderer: 0.100
[1587393967.467][SEVERE]: Timed out receiving message from renderer: 0.100
[1587393967.570][SEVERE]: Timed out receiving message from renderer: 0.100
[1587393967.671][SEVERE]: Timed out receiving message from renderer: 0.100
[1587393967.772][SEVERE]: Timed out receiving message from renderer: 0.100
[1587393967.877][SEVERE]: Timed out receiving message from renderer: 0.100
[1587393967.980][SEVERE]: Timed out receiving message from renderer: 0.100
[1587393968.082][SEVERE]: Timed out receiving message from renderer: 0.100
[1587393968.184][SEVERE]: Timed out receiving message from renderer: 0.100
[1587393968.286][SEVERE]: Timed out receiving message from renderer: 0.100
[1587393968.388][SEVERE]: Timed out receiving message from renderer: 0.100
[1587393968.489][SEVERE]: Timed out receiving message from renderer: 0.100
[1587393968.593][SEVERE]: Timed out receiving message from renderer: 0.100
[1587393968.695][SEVERE]: Timed out receiving message from renderer: 0.100
[1587393968.796][SEVERE]: Timed out receiving message from renderer: 0.100
[1587393968.898][SEVERE]: Timed out receiving message from renderer: 0.100
[1587393969.001][SEVERE]: Timed out receiving message from renderer: 0.100
[1587393969.104][SEVERE]: Timed out receiving message from renderer: 0.100
[1587393969.205][SEVERE]: Timed out receiving message from renderer: 0.100
[1587393969.307][SEVERE]: Timed out receiving message from renderer: 0.100
[1587393969.409][SEVERE]: Timed out receiving message from renderer: 0.100
[1587393969.512][SEVERE]: Timed out receiving message from renderer: 0.100
[1587393969.614][SEVERE]: Timed out receiving message from renderer: 0.100
[1587393969.716][SEVERE]: Timed out receiving message from renderer: 0.100
[1587393969.818][SEVERE]: Timed out receiving message from renderer: 0.100
[1587393969.921][SEVERE]: Timed out receiving message from renderer: 0.100
[1587393970.022][SEVERE]: Timed out receiving message from renderer: 0.100
[1587393970.123][SEVERE]: Timed out receiving message from renderer: 0.100
[1587393970.224][SEVERE]: Timed out receiving message from renderer: 0.100
[1587393970.327][SEVERE]: Timed out receiving message from renderer: 0.100
[1587393970.430][SEVERE]: Timed out receiving message from renderer: 0.100
[1587393970.533][SEVERE]: Timed out receiving message from renderer: 0.100
[1587393970.635][SEVERE]: Timed out receiving message from renderer: 0.100
[1587393970.738][SEVERE]: Timed out receiving message from renderer: 0.100
[1587393970.841][SEVERE]: Timed out receiving message from renderer: 0.100
[1587393970.942][SEVERE]: Timed out receiving message from renderer: 0.100
[1587393971.045][SEVERE]: Timed out receiving message from renderer: 0.100
[1587393971.148][SEVERE]: Timed out receiving message from renderer: 0.100
[1587393971.250][SEVERE]: Timed out receiving message from renderer: 0.100
[1587393971.352][SEVERE]: Timed out receiving message from renderer: 0.100
[1587393971.453][SEVERE]: Timed out receiving message from renderer: 0.100
[1587393971.555][SEVERE]: Timed out receiving message from renderer: 0.100
[1587393971.657][SEVERE]: Timed out receiving message from renderer: 0.100
[1587393971.759][SEVERE]: Timed out receiving message from renderer: 0.100
[1587393971.861][SEVERE]: Timed out receiving message from renderer: 0.100
[1587393971.964][SEVERE]: Timed out receiving message from renderer: 0.100
[1587393972.065][SEVERE]: Timed out receiving message from renderer: 0.100
[1587393972.166][SEVERE]: Timed out receiving message from renderer: 0.100
[1587393972.269][SEVERE]: Timed out receiving message from renderer: 0.100
[1587393972.370][SEVERE]: Timed out receiving message from renderer: 0.100
[1587393972.471][SEVERE]: Timed out receiving message from renderer: 0.100
[1587393972.573][SEVERE]: Timed out receiving message from renderer: 0.100
[1587393972.676][SEVERE]: Timed out receiving message from renderer: 0.100
[1587393972.777][SEVERE]: Timed out receiving message from renderer: 0.100
[1587393972.879][SEVERE]: Timed out receiving message from renderer: 0.100
[1587393972.981][SEVERE]: Timed out receiving message from renderer: 0.100
[1587393973.082][SEVERE]: Timed out receiving message from renderer: 0.100
[1587393973.183][SEVERE]: Timed out receiving message from renderer: 0.100
[1587393973.285][SEVERE]: Timed out receiving message from renderer: 0.100
[1587393973.387][SEVERE]: Timed out receiving message from renderer: 0.100
[1587393973.489][SEVERE]: Timed out receiving message from renderer: 0.100
[1587393973.592][SEVERE]: Timed out receiving message from renderer: 0.100
[1587393973.694][SEVERE]: Timed out receiving message from renderer: 0.100
[1587393973.797][SEVERE]: Timed out receiving message from renderer: 0.100
[1587393973.898][SEVERE]: Timed out receiving message from renderer: 0.100
[1587393973.999][SEVERE]: Timed out receiving message from renderer: 0.100
[1587393974.000][SEVERE]: Timed out receiving message from renderer: 20.000
</system-err>
  </testcase>
</testsuite>