<?xml version="1.0" encoding="UTF-8"?>
<testng-results skipped="0" failed="0" total="2" passed="2">
  <reporter-output>
  </reporter-output>
  <suite name="Default suite" duration-ms="25822" started-at="2020-04-16T06:10:12Z" finished-at="2020-04-16T06:10:38Z">
    <groups>
    </groups>
    <test name="Default test" duration-ms="25822" started-at="2020-04-16T06:10:12Z" finished-at="2020-04-16T06:10:38Z">
      <class name="com.crm.qa.testcases.LoginPageTest">
        <test-method status="PASS" signature="setUp()[pri:0, instance:com.crm.qa.testcases.LoginPageTest@46d56d67]" name="setUp" is-config="true" duration-ms="11252" started-at="2020-04-16T11:40:12Z" finished-at="2020-04-16T11:40:23Z">
          <reporter-output>
          </reporter-output>
        </test-method> <!-- setUp -->
        <test-method status="PASS" signature="loginPageTitleTest()[pri:1, instance:com.crm.qa.testcases.LoginPageTest@46d56d67]" name="loginPageTitleTest" duration-ms="25" started-at="2020-04-16T11:40:23Z" finished-at="2020-04-16T11:40:23Z">
          <reporter-output>
          </reporter-output>
        </test-method> <!-- loginPageTitleTest -->
        <test-method status="PASS" signature="tearDown()[pri:0, instance:com.crm.qa.testcases.LoginPageTest@46d56d67]" name="tearDown" is-config="true" duration-ms="612" started-at="2020-04-16T11:40:23Z" finished-at="2020-04-16T11:40:24Z">
          <reporter-output>
          </reporter-output>
        </test-method> <!-- tearDown -->
        <test-method status="PASS" signature="setUp()[pri:0, instance:com.crm.qa.testcases.LoginPageTest@46d56d67]" name="setUp" is-config="true" duration-ms="10460" started-at="2020-04-16T11:40:24Z" finished-at="2020-04-16T11:40:34Z">
          <reporter-output>
          </reporter-output>
        </test-method> <!-- setUp -->
        <test-method status="PASS" signature="loginTest()[pri:2, instance:com.crm.qa.testcases.LoginPageTest@46d56d67]" name="loginTest" duration-ms="2846" started-at="2020-04-16T11:40:34Z" finished-at="2020-04-16T11:40:37Z">
          <reporter-output>
          </reporter-output>
        </test-method> <!-- loginTest -->
        <test-method status="PASS" signature="tearDown()[pri:0, instance:com.crm.qa.testcases.LoginPageTest@46d56d67]" name="tearDown" is-config="true" duration-ms="611" started-at="2020-04-16T11:40:37Z" finished-at="2020-04-16T11:40:38Z">
          <reporter-output>
          </reporter-output>
        </test-method> <!-- tearDown -->
      </class> <!-- com.crm.qa.testcases.LoginPageTest -->
    </test> <!-- Default test -->
  </suite> <!-- Default suite -->
</testng-results>
